{"/Users/yjonghwa/Project/ex-nodejs/myrestapi/src/app.js": {"path":"/Users/yjonghwa/Project/ex-nodejs/myrestapi/src/app.js","statementMap":{"0":{"start":{"line":1,"column":0},"end":{"line":1,"column":26}},"1":{"start":{"line":9,"column":12},"end":{"line":9,"column":21}},"2":{"start":{"line":11,"column":0},"end":{"line":11,"column":22}},"3":{"start":{"line":12,"column":0},"end":{"line":12,"column":23}},"4":{"start":{"line":13,"column":0},"end":{"line":13,"column":48}},"5":{"start":{"line":14,"column":0},"end":{"line":14,"column":23}},"6":{"start":{"line":16,"column":0},"end":{"line":16,"column":23}},"7":{"start":{"line":19,"column":0},"end":{"line":21,"column":2}},"8":{"start":{"line":20,"column":2},"end":{"line":20,"column":24}},"9":{"start":{"line":24,"column":0},"end":{"line":38,"column":2}},"10":{"start":{"line":25,"column":17},"end":{"line":25,"column":20}},"11":{"start":{"line":27,"column":2},"end":{"line":29,"column":3}},"12":{"start":{"line":28,"column":4},"end":{"line":28,"column":31}},"13":{"start":{"line":32,"column":2},"end":{"line":32,"column":39}},"14":{"start":{"line":33,"column":2},"end":{"line":33,"column":75}},"15":{"start":{"line":36,"column":2},"end":{"line":37,"column":38}},"16":{"start":{"line":41,"column":0},"end":{"line":41,"column":20}}},"fnMap":{"0":{"name":"(anonymous_0)","decl":{"start":{"line":19,"column":8},"end":{"line":19,"column":9}},"loc":{"start":{"line":19,"column":28},"end":{"line":21,"column":1}},"line":19},"1":{"name":"(anonymous_1)","decl":{"start":{"line":24,"column":8},"end":{"line":24,"column":9}},"loc":{"start":{"line":24,"column":33},"end":{"line":38,"column":1}},"line":24}},"branchMap":{"0":{"loc":{"start":{"line":27,"column":2},"end":{"line":29,"column":3}},"type":"if","locations":[{"start":{"line":27,"column":2},"end":{"line":29,"column":3}},{"start":{},"end":{}}],"line":27},"1":{"loc":{"start":{"line":33,"column":21},"end":{"line":33,"column":75}},"type":"cond-expr","locations":[{"start":{"line":33,"column":62},"end":{"line":33,"column":70}},{"start":{"line":33,"column":73},"end":{"line":33,"column":75}}],"line":33}},"s":{"0":1,"1":1,"2":1,"3":1,"4":1,"5":1,"6":1,"7":1,"8":0,"9":1,"10":1,"11":1,"12":0,"13":1,"14":1,"15":1,"16":1},"f":{"0":0,"1":1},"b":{"0":[0,1],"1":[0,1]},"_coverageSchema":"1a1c01bbd47fc00a2c39e90264f33305004495a9","hash":"c99985ff8903e3552d142cabcce9ea8618c7ebbc"}
,"/Users/yjonghwa/Project/ex-nodejs/myrestapi/src/configs/sequelize.js": {"path":"/Users/yjonghwa/Project/ex-nodejs/myrestapi/src/configs/sequelize.js","statementMap":{"0":{"start":{"line":1,"column":0},"end":{"line":1,"column":26}},"1":{"start":{"line":3,"column":0},"end":{"line":5,"column":1}},"2":{"start":{"line":4,"column":2},"end":{"line":4,"column":28}},"3":{"start":{"line":7,"column":22},"end":{"line":23,"column":1}},"4":{"start":{"line":25,"column":0},"end":{"line":40,"column":1}}},"fnMap":{},"branchMap":{"0":{"loc":{"start":{"line":3,"column":0},"end":{"line":5,"column":1}},"type":"if","locations":[{"start":{"line":3,"column":0},"end":{"line":5,"column":1}},{"start":{},"end":{}}],"line":3}},"s":{"0":2,"1":2,"2":2,"3":2,"4":2},"f":{},"b":{"0":[2,0]},"_coverageSchema":"1a1c01bbd47fc00a2c39e90264f33305004495a9","hash":"c75332523f95ed5e756fb167bfd57b74938c9e46"}
,"/Users/yjonghwa/Project/ex-nodejs/myrestapi/src/controllers/v1/user.controller.js": {"path":"/Users/yjonghwa/Project/ex-nodejs/myrestapi/src/controllers/v1/user.controller.js","statementMap":{"0":{"start":{"line":5,"column":12},"end":{"line":25,"column":1}},"1":{"start":{"line":6,"column":2},"end":{"line":24,"column":3}},"2":{"start":{"line":7,"column":4},"end":{"line":21,"column":5}},"3":{"start":{"line":8,"column":19},"end":{"line":8,"column":55}},"4":{"start":{"line":10,"column":6},"end":{"line":13,"column":7}},"5":{"start":{"line":11,"column":8},"end":{"line":11,"column":28}},"6":{"start":{"line":12,"column":8},"end":{"line":12,"column":72}},"7":{"start":{"line":15,"column":6},"end":{"line":15,"column":57}},"8":{"start":{"line":18,"column":20},"end":{"line":18,"column":40}},"9":{"start":{"line":20,"column":6},"end":{"line":20,"column":54}},"10":{"start":{"line":20,"column":40},"end":{"line":20,"column":52}},"11":{"start":{"line":23,"column":4},"end":{"line":23,"column":11}}},"fnMap":{"0":{"name":"(anonymous_0)","decl":{"start":{"line":5,"column":12},"end":{"line":5,"column":13}},"loc":{"start":{"line":5,"column":38},"end":{"line":25,"column":1}},"line":5},"1":{"name":"(anonymous_1)","decl":{"start":{"line":20,"column":32},"end":{"line":20,"column":33}},"loc":{"start":{"line":20,"column":40},"end":{"line":20,"column":52}},"line":20}},"branchMap":{"0":{"loc":{"start":{"line":7,"column":4},"end":{"line":21,"column":5}},"type":"if","locations":[{"start":{"line":7,"column":4},"end":{"line":21,"column":5}},{"start":{"line":17,"column":11},"end":{"line":21,"column":5}}],"line":7},"1":{"loc":{"start":{"line":10,"column":6},"end":{"line":13,"column":7}},"type":"if","locations":[{"start":{"line":10,"column":6},"end":{"line":13,"column":7}},{"start":{},"end":{}}],"line":10}},"s":{"0":1,"1":3,"2":3,"3":2,"4":2,"5":1,"6":1,"7":1,"8":1,"9":1,"10":2,"11":1},"f":{"0":3,"1":2},"b":{"0":[2,1],"1":[1,1]},"_coverageSchema":"1a1c01bbd47fc00a2c39e90264f33305004495a9","hash":"d227aa99643226f03dd0534562fbb8937d263beb"}
,"/Users/yjonghwa/Project/ex-nodejs/myrestapi/src/models/index.js": {"path":"/Users/yjonghwa/Project/ex-nodejs/myrestapi/src/models/index.js","statementMap":{"0":{"start":{"line":4,"column":18},"end":{"line":4,"column":38}},"1":{"start":{"line":5,"column":15},"end":{"line":5,"column":84}},"2":{"start":{"line":6,"column":17},"end":{"line":6,"column":42}},"3":{"start":{"line":8,"column":15},"end":{"line":8,"column":17}},"4":{"start":{"line":11,"column":0},"end":{"line":15,"column":1}},"5":{"start":{"line":12,"column":2},"end":{"line":12,"column":73}},"6":{"start":{"line":14,"column":2},"end":{"line":14,"column":86}},"7":{"start":{"line":17,"column":0},"end":{"line":27,"column":4}},"8":{"start":{"line":18,"column":18},"end":{"line":18,"column":102}},"9":{"start":{"line":22,"column":18},"end":{"line":25,"column":5}},"10":{"start":{"line":26,"column":4},"end":{"line":26,"column":30}},"11":{"start":{"line":29,"column":0},"end":{"line":33,"column":2}},"12":{"start":{"line":30,"column":2},"end":{"line":32,"column":3}},"13":{"start":{"line":31,"column":4},"end":{"line":31,"column":39}},"14":{"start":{"line":35,"column":0},"end":{"line":35,"column":28}},"15":{"start":{"line":36,"column":0},"end":{"line":36,"column":28}}},"fnMap":{"0":{"name":"(anonymous_0)","decl":{"start":{"line":18,"column":10},"end":{"line":18,"column":11}},"loc":{"start":{"line":18,"column":18},"end":{"line":18,"column":102}},"line":18},"1":{"name":"(anonymous_1)","decl":{"start":{"line":19,"column":11},"end":{"line":19,"column":12}},"loc":{"start":{"line":19,"column":19},"end":{"line":27,"column":3}},"line":19},"2":{"name":"(anonymous_2)","decl":{"start":{"line":29,"column":28},"end":{"line":29,"column":29}},"loc":{"start":{"line":29,"column":41},"end":{"line":33,"column":1}},"line":29}},"branchMap":{"0":{"loc":{"start":{"line":11,"column":0},"end":{"line":15,"column":1}},"type":"if","locations":[{"start":{"line":11,"column":0},"end":{"line":15,"column":1}},{"start":{"line":13,"column":7},"end":{"line":15,"column":1}}],"line":11},"1":{"loc":{"start":{"line":18,"column":18},"end":{"line":18,"column":102}},"type":"binary-expr","locations":[{"start":{"line":18,"column":19},"end":{"line":18,"column":42}},{"start":{"line":18,"column":48},"end":{"line":18,"column":65}},{"start":{"line":18,"column":71},"end":{"line":18,"column":101}}],"line":18},"2":{"loc":{"start":{"line":30,"column":2},"end":{"line":32,"column":3}},"type":"if","locations":[{"start":{"line":30,"column":2},"end":{"line":32,"column":3}},{"start":{},"end":{}}],"line":30}},"s":{"0":2,"1":2,"2":2,"3":2,"4":2,"5":0,"6":2,"7":2,"8":4,"9":2,"10":2,"11":2,"12":2,"13":2,"14":2,"15":2},"f":{"0":4,"1":2,"2":2},"b":{"0":[0,2],"1":[4,4,2],"2":[2,0]},"_coverageSchema":"1a1c01bbd47fc00a2c39e90264f33305004495a9","hash":"5e29a7f746a4894429349a77c0f8bd3375ab91ae"}
,"/Users/yjonghwa/Project/ex-nodejs/myrestapi/src/models/user.model.js": {"path":"/Users/yjonghwa/Project/ex-nodejs/myrestapi/src/models/user.model.js","statementMap":{"0":{"start":{"line":6,"column":0},"end":{"line":63,"column":1}},"1":{"start":{"line":7,"column":15},"end":{"line":32,"column":4}},"2":{"start":{"line":12,"column":26},"end":{"line":12,"column":47}},"3":{"start":{"line":14,"column":8},"end":{"line":14,"column":69}},"4":{"start":{"line":34,"column":2},"end":{"line":36,"column":3}},"5":{"start":{"line":39,"column":2},"end":{"line":44,"column":5}},"6":{"start":{"line":40,"column":4},"end":{"line":43,"column":5}},"7":{"start":{"line":41,"column":19},"end":{"line":41,"column":43}},"8":{"start":{"line":42,"column":6},"end":{"line":42,"column":61}},"9":{"start":{"line":47,"column":2},"end":{"line":60,"column":3}},"10":{"start":{"line":48,"column":14},"end":{"line":48,"column":31}},"11":{"start":{"line":51,"column":19},"end":{"line":51,"column":36}},"12":{"start":{"line":56,"column":4},"end":{"line":56,"column":25}},"13":{"start":{"line":57,"column":4},"end":{"line":57,"column":31}},"14":{"start":{"line":59,"column":4},"end":{"line":59,"column":17}},"15":{"start":{"line":62,"column":2},"end":{"line":62,"column":13}}},"fnMap":{"0":{"name":"(anonymous_0)","decl":{"start":{"line":6,"column":17},"end":{"line":6,"column":18}},"loc":{"start":{"line":6,"column":43},"end":{"line":63,"column":1}},"line":6},"1":{"name":"(anonymous_1)","decl":{"start":{"line":12,"column":20},"end":{"line":12,"column":21}},"loc":{"start":{"line":12,"column":26},"end":{"line":12,"column":47}},"line":12},"2":{"name":"(anonymous_2)","decl":{"start":{"line":13,"column":11},"end":{"line":13,"column":12}},"loc":{"start":{"line":13,"column":23},"end":{"line":15,"column":7}},"line":13},"3":{"name":"(anonymous_3)","decl":{"start":{"line":34,"column":19},"end":{"line":34,"column":20}},"loc":{"start":{"line":34,"column":37},"end":{"line":36,"column":3}},"line":34},"4":{"name":"(anonymous_4)","decl":{"start":{"line":39,"column":18},"end":{"line":39,"column":19}},"loc":{"start":{"line":39,"column":43},"end":{"line":44,"column":3}},"line":39},"5":{"name":"(anonymous_5)","decl":{"start":{"line":47,"column":25},"end":{"line":47,"column":26}},"loc":{"start":{"line":47,"column":37},"end":{"line":60,"column":3}},"line":47}},"branchMap":{"0":{"loc":{"start":{"line":40,"column":4},"end":{"line":43,"column":5}},"type":"if","locations":[{"start":{"line":40,"column":4},"end":{"line":43,"column":5}},{"start":{},"end":{}}],"line":40}},"s":{"0":2,"1":2,"2":3,"3":5,"4":2,"5":2,"6":3,"7":3,"8":3,"9":2,"10":3,"11":3,"12":3,"13":3,"14":3,"15":2},"f":{"0":2,"1":3,"2":5,"3":2,"4":3,"5":3},"b":{"0":[3,0]},"_coverageSchema":"1a1c01bbd47fc00a2c39e90264f33305004495a9","hash":"0346c8bdcb036d5e317d74fe40373b22d08603c8"}
,"/Users/yjonghwa/Project/ex-nodejs/myrestapi/src/repositories/user.repository.js": {"path":"/Users/yjonghwa/Project/ex-nodejs/myrestapi/src/repositories/user.repository.js","statementMap":{"0":{"start":{"line":5,"column":25},"end":{"line":5,"column":55}},"1":{"start":{"line":8,"column":19},"end":{"line":8,"column":46}},"2":{"start":{"line":10,"column":24},"end":{"line":10,"column":91}},"3":{"start":{"line":12,"column":26},"end":{"line":12,"column":56}}},"fnMap":{"0":{"name":"(anonymous_0)","decl":{"start":{"line":5,"column":9},"end":{"line":5,"column":10}},"loc":{"start":{"line":5,"column":25},"end":{"line":5,"column":55}},"line":5},"1":{"name":"(anonymous_1)","decl":{"start":{"line":8,"column":7},"end":{"line":8,"column":8}},"loc":{"start":{"line":8,"column":19},"end":{"line":8,"column":46}},"line":8},"2":{"name":"(anonymous_2)","decl":{"start":{"line":10,"column":8},"end":{"line":10,"column":9}},"loc":{"start":{"line":10,"column":24},"end":{"line":10,"column":91}},"line":10},"3":{"name":"(anonymous_3)","decl":{"start":{"line":12,"column":12},"end":{"line":12,"column":13}},"loc":{"start":{"line":12,"column":26},"end":{"line":12,"column":56}},"line":12}},"branchMap":{},"s":{"0":2,"1":1,"2":2,"3":0},"f":{"0":2,"1":1,"2":2,"3":0},"b":{},"_coverageSchema":"1a1c01bbd47fc00a2c39e90264f33305004495a9","hash":"ad2d45e368aae09302182814de285e40f39c101f"}
,"/Users/yjonghwa/Project/ex-nodejs/myrestapi/src/routes/v1/index.js": {"path":"/Users/yjonghwa/Project/ex-nodejs/myrestapi/src/routes/v1/index.js","statementMap":{"0":{"start":{"line":5,"column":15},"end":{"line":5,"column":31}},"1":{"start":{"line":6,"column":16},"end":{"line":6,"column":41}},"2":{"start":{"line":8,"column":0},"end":{"line":10,"column":101}},"3":{"start":{"line":9,"column":18},"end":{"line":9,"column":101}},"4":{"start":{"line":10,"column":24},"end":{"line":10,"column":100}}},"fnMap":{"0":{"name":"(anonymous_0)","decl":{"start":{"line":9,"column":10},"end":{"line":9,"column":11}},"loc":{"start":{"line":9,"column":18},"end":{"line":9,"column":101}},"line":9},"1":{"name":"(anonymous_1)","decl":{"start":{"line":10,"column":11},"end":{"line":10,"column":12}},"loc":{"start":{"line":10,"column":24},"end":{"line":10,"column":100}},"line":10}},"branchMap":{"0":{"loc":{"start":{"line":9,"column":18},"end":{"line":9,"column":101}},"type":"binary-expr","locations":[{"start":{"line":9,"column":19},"end":{"line":9,"column":42}},{"start":{"line":9,"column":48},"end":{"line":9,"column":64}},{"start":{"line":9,"column":70},"end":{"line":9,"column":100}}],"line":9}},"s":{"0":1,"1":1,"2":1,"3":2,"4":1},"f":{"0":2,"1":1},"b":{"0":[2,2,1]},"_coverageSchema":"1a1c01bbd47fc00a2c39e90264f33305004495a9","hash":"6ee67fad6ad522230b7e776eef5aaf8e3f0c6c3e"}
,"/Users/yjonghwa/Project/ex-nodejs/myrestapi/src/routes/v1/users.route.js": {"path":"/Users/yjonghwa/Project/ex-nodejs/myrestapi/src/routes/v1/users.route.js","statementMap":{"0":{"start":{"line":4,"column":15},"end":{"line":4,"column":31}},"1":{"start":{"line":6,"column":0},"end":{"line":9,"column":3}}},"fnMap":{},"branchMap":{},"s":{"0":1,"1":1},"f":{},"b":{},"_coverageSchema":"1a1c01bbd47fc00a2c39e90264f33305004495a9","hash":"7d2a040333844c8f583580c104b5635b13ab22ff"}
,"/Users/yjonghwa/Project/ex-nodejs/myrestapi/src/utils/uuid.js": {"path":"/Users/yjonghwa/Project/ex-nodejs/myrestapi/src/utils/uuid.js","statementMap":{"0":{"start":{"line":3,"column":13},"end":{"line":6,"column":1}},"1":{"start":{"line":4,"column":17},"end":{"line":4,"column":35}},"2":{"start":{"line":5,"column":2},"end":{"line":5,"column":66}}},"fnMap":{"0":{"name":"(anonymous_0)","decl":{"start":{"line":3,"column":13},"end":{"line":3,"column":14}},"loc":{"start":{"line":3,"column":19},"end":{"line":6,"column":1}},"line":3}},"branchMap":{},"s":{"0":2,"1":5,"2":5},"f":{"0":5},"b":{},"_coverageSchema":"1a1c01bbd47fc00a2c39e90264f33305004495a9","hash":"1bcd7eaaf4cb2009f1706f6717257c248e6ad9bf"}
}
