TN:
SF:app.js
FN:19,(anonymous_0)
FN:24,(anonymous_1)
FNF:2
FNH:1
FNDA:0,(anonymous_0)
FNDA:1,(anonymous_1)
DA:1,1
DA:9,1
DA:11,1
DA:12,1
DA:13,1
DA:14,1
DA:16,1
DA:19,1
DA:20,0
DA:24,1
DA:25,1
DA:27,1
DA:28,0
DA:32,1
DA:33,1
DA:36,1
DA:41,1
LF:17
LH:15
BRDA:27,0,0,0
BRDA:27,0,1,1
BRDA:33,1,0,0
BRDA:33,1,1,1
BRF:4
BRH:2
end_of_record
TN:
SF:configs/sequelize.js
FNF:0
FNH:0
DA:1,2
DA:3,2
DA:4,2
DA:7,2
DA:25,2
LF:5
LH:5
BRDA:3,0,0,2
BRDA:3,0,1,0
BRF:2
BRH:1
end_of_record
TN:
SF:controllers/v1/user.controller.js
FN:5,(anonymous_0)
FN:20,(anonymous_1)
FNF:2
FNH:2
FNDA:3,(anonymous_0)
FNDA:2,(anonymous_1)
DA:5,1
DA:6,3
DA:7,3
DA:8,2
DA:10,2
DA:11,1
DA:12,1
DA:15,1
DA:18,1
DA:20,2
DA:23,1
LF:11
LH:11
BRDA:7,0,0,2
BRDA:7,0,1,1
BRDA:10,1,0,1
BRDA:10,1,1,1
BRF:4
BRH:4
end_of_record
TN:
SF:models/index.js
FN:18,(anonymous_0)
FN:19,(anonymous_1)
FN:29,(anonymous_2)
FNF:3
FNH:3
FNDA:4,(anonymous_0)
FNDA:2,(anonymous_1)
FNDA:2,(anonymous_2)
DA:4,2
DA:5,2
DA:6,2
DA:8,2
DA:11,2
DA:12,0
DA:14,2
DA:17,2
DA:18,4
DA:22,2
DA:26,2
DA:29,2
DA:30,2
DA:31,2
DA:35,2
DA:36,2
LF:16
LH:15
BRDA:11,0,0,0
BRDA:11,0,1,2
BRDA:18,1,0,4
BRDA:18,1,1,4
BRDA:18,1,2,2
BRDA:30,2,0,2
BRDA:30,2,1,0
BRF:7
BRH:5
end_of_record
TN:
SF:models/user.model.js
FN:6,(anonymous_0)
FN:12,(anonymous_1)
FN:13,(anonymous_2)
FN:34,(anonymous_3)
FN:39,(anonymous_4)
FN:47,(anonymous_5)
FNF:6
FNH:6
FNDA:2,(anonymous_0)
FNDA:3,(anonymous_1)
FNDA:5,(anonymous_2)
FNDA:2,(anonymous_3)
FNDA:3,(anonymous_4)
FNDA:3,(anonymous_5)
DA:6,2
DA:7,2
DA:12,3
DA:14,5
DA:34,2
DA:39,2
DA:40,3
DA:41,3
DA:42,3
DA:47,2
DA:48,3
DA:51,3
DA:56,3
DA:57,3
DA:59,3
DA:62,2
LF:16
LH:16
BRDA:40,0,0,3
BRDA:40,0,1,0
BRF:2
BRH:1
end_of_record
TN:
SF:repositories/user.repository.js
FN:5,(anonymous_0)
FN:8,(anonymous_1)
FN:10,(anonymous_2)
FN:12,(anonymous_3)
FNF:4
FNH:3
FNDA:2,(anonymous_0)
FNDA:1,(anonymous_1)
FNDA:2,(anonymous_2)
FNDA:0,(anonymous_3)
DA:5,2
DA:8,1
DA:10,2
DA:12,0
LF:4
LH:3
BRF:0
BRH:0
end_of_record
TN:
SF:routes/v1/index.js
FN:9,(anonymous_0)
FN:10,(anonymous_1)
FNF:2
FNH:2
FNDA:2,(anonymous_0)
FNDA:1,(anonymous_1)
DA:5,1
DA:6,1
DA:8,1
DA:9,2
DA:10,1
LF:5
LH:5
BRDA:9,0,0,2
BRDA:9,0,1,2
BRDA:9,0,2,1
BRF:3
BRH:3
end_of_record
TN:
SF:routes/v1/users.route.js
FNF:0
FNH:0
DA:4,1
DA:6,1
LF:2
LH:2
BRF:0
BRH:0
end_of_record
TN:
SF:utils/uuid.js
FN:3,(anonymous_0)
FNF:1
FNH:1
FNDA:5,(anonymous_0)
DA:3,2
DA:4,5
DA:5,5
LF:3
LH:3
BRF:0
BRH:0
end_of_record
